Using pre-set license
Built from '2021.1/staging' branch; Version is '2021.1.0b5 (37f46e59aab7) revision 3667054'; Using compiler version '192528614'; Build Type 'Release'
OS: 'Windows 10 Pro; OS build 19042.1237; Version 2009; 64bit' Language: 'pl' Physical Memory: 32650 MB
BatchMode: 1, IsHumanControllingUs: 0, StartBugReporterOnCrash: 0, Is64bit: 1, IsPro: 0

 COMMAND LINE ARGUMENTS:
C:\Program Files\Unity\Hub\Editor\2021.1.0b5\Editor\Unity.exe
-adb2
-batchMode
-noUpm
-name
AssetImportWorker0
-projectPath
E:/UnityWorkspace/Lab Particles 1/Lab Particles 1
-logFile
Logs/AssetImportWorker0.log
-srvPort
49817
Successfully changed project path to: E:/UnityWorkspace/Lab Particles 1/Lab Particles 1
E:/UnityWorkspace/Lab Particles 1/Lab Particles 1
Using Asset Import Pipeline V2.
Refreshing native plugins compatible for Editor in 71.83 ms, found 1 plugins.
Preloading 0 native plugins for Editor in 0.00 ms.
Initialize engine version: 2021.1.0b5 (37f46e59aab7)
[Subsystems] Discovering subsystems at path C:/Program Files/Unity/Hub/Editor/2021.1.0b5/Editor/Data/Resources/UnitySubsystems
[Subsystems] Discovering subsystems at path E:/UnityWorkspace/Lab Particles 1/Lab Particles 1/Assets
GfxDevice: creating device client; threaded=0; jobified=0
Direct3D:
    Version:  Direct3D 11.0 [level 11.1]
    Renderer: NVIDIA GeForce GTX 1080 Ti (ID=0x1b06)
    Vendor:   NVIDIA
    VRAM:     11127 MB
    Driver:   30.0.14.7212
Initialize mono
Mono path[0] = 'C:/Program Files/Unity/Hub/Editor/2021.1.0b5/Editor/Data/Managed'
Mono path[1] = 'C:/Program Files/Unity/Hub/Editor/2021.1.0b5/Editor/Data/MonoBleedingEdge/lib/mono/unityjit'
Mono config path = 'C:/Program Files/Unity/Hub/Editor/2021.1.0b5/Editor/Data/MonoBleedingEdge/etc'
Using monoOptions --debugger-agent=transport=dt_socket,embedding=1,server=y,suspend=n,address=127.0.0.1:56320
Begin MonoManager ReloadAssembly
Registering precompiled unity dll's ...
Register platform support module: C:/Program Files/Unity/Hub/Editor/2021.1.0b5/Editor/Data/PlaybackEngines/WebGLSupport/UnityEditor.WebGL.Extensions.dll
Register platform support module: C:/Program Files/Unity/Hub/Editor/2021.1.0b5/Editor/Data/PlaybackEngines/WindowsStandaloneSupport/UnityEditor.WindowsStandalone.Extensions.dll
Registered in 0.002912 seconds.
Native extension for WindowsStandalone target not found
Native extension for WebGL target not found
Refreshing native plugins compatible for Editor in 81.52 ms, found 1 plugins.
Preloading 0 native plugins for Editor in 0.00 ms.
Mono: successfully reloaded assembly
- Completed reload, in  1.574 seconds
Platform modules already initialized, skipping
Registering precompiled user dll's ...
Registered in 0.002942 seconds.
Begin MonoManager ReloadAssembly
Native extension for WindowsStandalone target not found
Native extension for WebGL target not found
Refreshing native plugins compatible for Editor in 0.89 ms, found 1 plugins.
Preloading 0 native plugins for Editor in 0.00 ms.
Mono: successfully reloaded assembly
- Completed reload, in  1.407 seconds
Platform modules already initialized, skipping
========================================================================
Worker process is ready to serve import requests
Launched and connected shader compiler UnityShaderCompiler.exe after 0.05 seconds
Refreshing native plugins compatible for Editor in 0.59 ms, found 1 plugins.
Preloading 0 native plugins for Editor in 0.00 ms.
Unloading 2646 Unused Serialized files (Serialized files now loaded: 0)
System memory in use before: 229.8 MB.
System memory in use after: 230.0 MB.

Unloading 15 unused Assets to reduce memory usage. Loaded Objects now: 3097.
Total: 2.524200 ms (FindLiveObjects: 0.285700 ms CreateObjectMapping: 0.183100 ms MarkObjects: 1.982200 ms  DeleteObjects: 0.072000 ms)

========================================================================
Received Import Request.
  path: Assets/Particles/Fireball/FireBall Fire.mat
  artifactKey: Guid(484e7cd85f1d94415a53c83c0d98b7c0) Importer(815301076,1909f56bfc062723c751e8b465ee728b)
Start importing Assets/Particles/Fireball/FireBall Fire.mat using Guid(484e7cd85f1d94415a53c83c0d98b7c0) Importer(815301076,1909f56bfc062723c751e8b465ee728b)  -> (artifact id: 'c4b3ae1e3d8117cf90354dd4e76bd736') in 0.168247 seconds 
========================================================================
Received Import Request.
  Time since last request: 15.873383 seconds.
  path: Assets/Particles/Firebolt/FireBolt Fire.mat
  artifactKey: Guid(ddf7898c9717a450b8e14891fdd4fac1) Importer(815301076,1909f56bfc062723c751e8b465ee728b)
Start importing Assets/Particles/Firebolt/FireBolt Fire.mat using Guid(ddf7898c9717a450b8e14891fdd4fac1) Importer(815301076,1909f56bfc062723c751e8b465ee728b)  -> (artifact id: '56a608a9c40ebf832685a150d1490ade') in 0.017363 seconds 
========================================================================
Received Import Request.
  Time since last request: 41.164292 seconds.
  path: Assets/Particles/Fireball/FireBall Sparks.mat
  artifactKey: Guid(8ad7425d4c1e64f358bcb7bf919f721e) Importer(815301076,1909f56bfc062723c751e8b465ee728b)
Start importing Assets/Particles/Fireball/FireBall Sparks.mat using Guid(8ad7425d4c1e64f358bcb7bf919f721e) Importer(815301076,1909f56bfc062723c751e8b465ee728b)  -> (artifact id: '0bb1c784db8d6357c17f41173bfaa01e') in 0.013790 seconds 
========================================================================
Received Import Request.
  Time since last request: 0.965230 seconds.
  path: Assets/Particles/Fireball/FireBall Smoke.mat
  artifactKey: Guid(1b8c6c8446ad34f85be5aa8576ffe82f) Importer(815301076,1909f56bfc062723c751e8b465ee728b)
Start importing Assets/Particles/Fireball/FireBall Smoke.mat using Guid(1b8c6c8446ad34f85be5aa8576ffe82f) Importer(815301076,1909f56bfc062723c751e8b465ee728b)  -> (artifact id: 'a0020a7df8445e389884530693f8314f') in 0.013513 seconds 
========================================================================
Received Import Request.
  Time since last request: 0.825076 seconds.
  path: Assets/Particles/Fireball/FireBall Glow.mat
  artifactKey: Guid(e089d419503c94f97a489d4375485d08) Importer(815301076,1909f56bfc062723c751e8b465ee728b)
Start importing Assets/Particles/Fireball/FireBall Glow.mat using Guid(e089d419503c94f97a489d4375485d08) Importer(815301076,1909f56bfc062723c751e8b465ee728b)  -> (artifact id: 'cf0fdc7a2c85dee9e500de8f396a0ac0') in 0.010974 seconds 
========================================================================
Received Import Request.
  Time since last request: 12.167327 seconds.
  path: Assets/Particles/Fireball/Charge Sphere.FBX
  artifactKey: Guid(f363e12d77b0c40cdb3bdbcd98d3a1ef) Importer(815301076,1909f56bfc062723c751e8b465ee728b)
Start importing Assets/Particles/Fireball/Charge Sphere.FBX using Guid(f363e12d77b0c40cdb3bdbcd98d3a1ef) Importer(815301076,1909f56bfc062723c751e8b465ee728b)  -> (artifact id: '7f9a31a2ed6557588c6f701fd31f4ef8') in 0.262970 seconds 
========================================================================
Received Import Request.
  Time since last request: 17.315636 seconds.
  path: Assets/Particles/Fireball/FireBall Fire 2.png
  artifactKey: Guid(aeb95f677af3c474894bd9ea33b8eff3) Importer(815301076,1909f56bfc062723c751e8b465ee728b)
Start importing Assets/Particles/Fireball/FireBall Fire 2.png using Guid(aeb95f677af3c474894bd9ea33b8eff3) Importer(815301076,1909f56bfc062723c751e8b465ee728b)  -> (artifact id: 'ac8eb83604be074bc721c3e8b6ab681b') in 0.018068 seconds 
========================================================================
Received Import Request.
  Time since last request: 0.342518 seconds.
  path: Assets/Particles/Fireball/FireBall Fire 2 Emission.png
  artifactKey: Guid(80103deb8da0745c88eca2aecc671819) Importer(815301076,1909f56bfc062723c751e8b465ee728b)
Start importing Assets/Particles/Fireball/FireBall Fire 2 Emission.png using Guid(80103deb8da0745c88eca2aecc671819) Importer(815301076,1909f56bfc062723c751e8b465ee728b)  -> (artifact id: '4bc9d9034fc0ceb34c1c68b18f188b28') in 0.009303 seconds 
========================================================================
Received Import Request.
  Time since last request: 0.335292 seconds.
  path: Assets/Particles/Fireball/Charge Glow.png
  artifactKey: Guid(fb03f4cb7d733432f91b11b1ec72ae30) Importer(815301076,1909f56bfc062723c751e8b465ee728b)
Start importing Assets/Particles/Fireball/Charge Glow.png using Guid(fb03f4cb7d733432f91b11b1ec72ae30) Importer(815301076,1909f56bfc062723c751e8b465ee728b)  -> (artifact id: '1855928a9fe87caf1c843b62a3afaa90') in 0.009136 seconds 
========================================================================
Received Import Request.
  Time since last request: 1.378761 seconds.
  path: Assets/Particles/Fireball/Fireball Smoke.png
  artifactKey: Guid(304a033636279493084b661cb561b5fd) Importer(815301076,1909f56bfc062723c751e8b465ee728b)
Start importing Assets/Particles/Fireball/Fireball Smoke.png using Guid(304a033636279493084b661cb561b5fd) Importer(815301076,1909f56bfc062723c751e8b465ee728b)  -> (artifact id: '38d3f0c50d14b16485f23e2bb1588e60') in 0.009931 seconds 
========================================================================
Received Import Request.
  Time since last request: 0.315123 seconds.
  path: Assets/Particles/Fireball/FireBall Sparks.png
  artifactKey: Guid(a1dbedf34c5374c5284ae4c302e6aaec) Importer(815301076,1909f56bfc062723c751e8b465ee728b)
Start importing Assets/Particles/Fireball/FireBall Sparks.png using Guid(a1dbedf34c5374c5284ae4c302e6aaec) Importer(815301076,1909f56bfc062723c751e8b465ee728b)  -> (artifact id: 'eeabd26797502d66d963c7d5178c01da') in 0.008134 seconds 
========================================================================
Received Import Request.
  Time since last request: 5.140190 seconds.
  path: Assets/Particles/Fireball/FireBall_Explosion_High.prefab
  artifactKey: Guid(1ea510fae6b81459395e355458a0c414) Importer(815301076,1909f56bfc062723c751e8b465ee728b)
Start importing Assets/Particles/Fireball/FireBall_Explosion_High.prefab using Guid(1ea510fae6b81459395e355458a0c414) Importer(815301076,1909f56bfc062723c751e8b465ee728b)  -> (artifact id: '6d665f917921f8206527028cb3e70427') in 0.012080 seconds 
========================================================================
Received Import Request.
  Time since last request: 4.412248 seconds.
  path: Assets/Particles/Firebolt/FireBall Lines 2.png
  artifactKey: Guid(d7fe6d0904ab2449790f66180a861352) Importer(815301076,1909f56bfc062723c751e8b465ee728b)
Start importing Assets/Particles/Firebolt/FireBall Lines 2.png using Guid(d7fe6d0904ab2449790f66180a861352) Importer(815301076,1909f56bfc062723c751e8b465ee728b)  -> (artifact id: '6ddcd308d9b60f57f5aab5765bf7f5df') in 0.012793 seconds 
========================================================================
Received Import Request.
  Time since last request: 8.578294 seconds.
  path: Assets/Particles/Firebolt/FireBolt_Projectile_High.prefab
  artifactKey: Guid(f0aaa2c983d944024968c398e0a20c72) Importer(815301076,1909f56bfc062723c751e8b465ee728b)
Start importing Assets/Particles/Firebolt/FireBolt_Projectile_High.prefab using Guid(f0aaa2c983d944024968c398e0a20c72) Importer(815301076,1909f56bfc062723c751e8b465ee728b)  -> (artifact id: '9cf50b46de2c2c342a37cb4b5506f825') in 0.006498 seconds 
