Using pre-set license
Built from '2020.3/staging' branch; Version is '2020.3.16f1 (049d6eca3c44) revision 302446'; Using compiler version '192528614'; Build Type 'Release'
OS: 'Windows 10 Education; OS build 19043.1237; Version 2009; 64bit' Language: 'pl' Physical Memory: 8078 MB
BatchMode: 1, IsHumanControllingUs: 0, StartBugReporterOnCrash: 0, Is64bit: 1, IsPro: 0

 COMMAND LINE ARGUMENTS:
C:\Program Files\Unity\Hub\Editor\2020.3.16f1\Editor\Unity.exe
-adb2
-batchMode
-noUpm
-name
AssetImportWorker0
-projectPath
D:/Users/konrad.lekawski/OneDrive/Projects/Lab-Particles-1
-logFile
Logs/AssetImportWorker0.log
-srvPort
55624
Successfully changed project path to: D:/Users/konrad.lekawski/OneDrive/Projects/Lab-Particles-1
D:/Users/konrad.lekawski/OneDrive/Projects/Lab-Particles-1
Using Asset Import Pipeline V2.
Refreshing native plugins compatible for Editor in 104.13 ms, found 1 plugins.
Preloading 0 native plugins for Editor in 0.00 ms.
Initialize engine version: 2020.3.16f1 (049d6eca3c44)
[Subsystems] Discovering subsystems at path C:/Program Files/Unity/Hub/Editor/2020.3.16f1/Editor/Data/Resources/UnitySubsystems
[Subsystems] Discovering subsystems at path D:/Users/konrad.lekawski/OneDrive/Projects/Lab-Particles-1/Assets
GfxDevice: creating device client; threaded=0
Direct3D:
    Version:  Direct3D 11.0 [level 11.0]
    Renderer: Intel(R) HD Graphics (ID=0x152)
    Vendor:   
    VRAM:     128 MB
    Driver:   10.18.10.4252
Initialize mono
Mono path[0] = 'C:/Program Files/Unity/Hub/Editor/2020.3.16f1/Editor/Data/Managed'
Mono path[1] = 'C:/Program Files/Unity/Hub/Editor/2020.3.16f1/Editor/Data/MonoBleedingEdge/lib/mono/unityjit'
Mono config path = 'C:/Program Files/Unity/Hub/Editor/2020.3.16f1/Editor/Data/MonoBleedingEdge/etc'
Using monoOptions --debugger-agent=transport=dt_socket,embedding=1,server=y,suspend=n,address=127.0.0.1:56220
Begin MonoManager ReloadAssembly
Registering precompiled unity dll's ...
Register platform support module: C:/Program Files/Unity/Hub/Editor/2020.3.16f1/Editor/Data/PlaybackEngines/WindowsStandaloneSupport/UnityEditor.WindowsStandalone.Extensions.dll
Registered in 0.002253 seconds.
Native extension for WindowsStandalone target not found
Refreshing native plugins compatible for Editor in 102.22 ms, found 1 plugins.
Preloading 0 native plugins for Editor in 0.00 ms.
Mono: successfully reloaded assembly
- Completed reload, in  1.625 seconds
Domain Reload Profiling:
	ReloadAssembly (1625ms)
		BeginReloadAssembly (76ms)
			ExecutionOrderSort (0ms)
			DisableScriptedObjects (0ms)
			BackupInstance (0ms)
			ReleaseScriptingObjects (0ms)
			CreateAndSetChildDomain (1ms)
		EndReloadAssembly (694ms)
			LoadAssemblies (74ms)
			RebuildTransferFunctionScriptingTraits (0ms)
			SetupTypeCache (221ms)
			ReleaseScriptCaches (0ms)
			RebuildScriptCaches (43ms)
			SetupLoadedEditorAssemblies (274ms)
				LogAssemblyErrors (0ms)
				InitializePlatformSupportModulesInManaged (5ms)
				SetLoadedEditorAssemblies (0ms)
				RefreshPlugins (102ms)
				BeforeProcessingInitializeOnLoad (11ms)
				ProcessInitializeOnLoadAttributes (115ms)
				ProcessInitializeOnLoadMethodAttributes (41ms)
				AfterProcessingInitializeOnLoad (0ms)
				EditorAssembliesLoaded (0ms)
			ExecutionOrderSort2 (0ms)
			AwakeInstancesAfterBackupRestoration (0ms)
Platform modules already initialized, skipping
Registering precompiled user dll's ...
Registered in 0.004090 seconds.
Begin MonoManager ReloadAssembly
Native extension for WindowsStandalone target not found
Refreshing native plugins compatible for Editor in 0.58 ms, found 1 plugins.
Preloading 0 native plugins for Editor in 0.00 ms.
Mono: successfully reloaded assembly
- Completed reload, in  1.305 seconds
Domain Reload Profiling:
	ReloadAssembly (1306ms)
		BeginReloadAssembly (233ms)
			ExecutionOrderSort (0ms)
			DisableScriptedObjects (7ms)
			BackupInstance (0ms)
			ReleaseScriptingObjects (0ms)
			CreateAndSetChildDomain (25ms)
		EndReloadAssembly (991ms)
			LoadAssemblies (113ms)
			RebuildTransferFunctionScriptingTraits (0ms)
			SetupTypeCache (351ms)
			ReleaseScriptCaches (1ms)
			RebuildScriptCaches (69ms)
			SetupLoadedEditorAssemblies (326ms)
				LogAssemblyErrors (0ms)
				InitializePlatformSupportModulesInManaged (6ms)
				SetLoadedEditorAssemblies (1ms)
				RefreshPlugins (1ms)
				BeforeProcessingInitializeOnLoad (98ms)
				ProcessInitializeOnLoadAttributes (206ms)
				ProcessInitializeOnLoadMethodAttributes (7ms)
				AfterProcessingInitializeOnLoad (7ms)
				EditorAssembliesLoaded (0ms)
			ExecutionOrderSort2 (0ms)
			AwakeInstancesAfterBackupRestoration (9ms)
Platform modules already initialized, skipping
========================================================================
Worker process is ready to serve import requests
Launched and connected shader compiler UnityShaderCompiler.exe after 0.12 seconds
Refreshing native plugins compatible for Editor in 0.63 ms, found 1 plugins.
Preloading 0 native plugins for Editor in 0.00 ms.
Unloading 2646 Unused Serialized files (Serialized files now loaded: 0)
System memory in use before: 96.2 MB.
System memory in use after: 96.4 MB.

Unloading 14 unused Assets to reduce memory usage. Loaded Objects now: 3083.
Total: 5.524800 ms (FindLiveObjects: 0.282700 ms CreateObjectMapping: 0.138700 ms MarkObjects: 4.994700 ms  DeleteObjects: 0.105700 ms)

AssetImportParameters requested are different than current active one (requested -> active):
  custom:framework-win-MediaFoundation: 216162199b28c13a410421893ffa2e32 -> 
  custom:video-decoder-ogg-theora: a1e56fd34408186e4bbccfd4996cb3dc -> 
  custom:container-muxer-webm: aa71ff27fc2769a1b78a27578f13a17b -> 
  custom:container-demuxer-webm: 4f35f7cbe854078d1ac9338744f61a02 -> 
  custom:container-demuxer-ogg: 62fdf1f143b41e24485cea50d1cbac27 -> 
  custom:video-encoder-webm-vp8: eb34c28f22e8b96e1ab97ce403110664 -> 
  custom:video-decoder-webm-vp8: 9c59270c3fd7afecdb556c50c9e8de78 -> 
  custom:audio-decoder-ogg-vorbis: bf7c407c2cedff20999df2af8eb42d56 -> 
  custom:audio-encoder-webm-vorbis: bf7c407c2cedff20999df2af8eb42d56 -> 
========================================================================
Received Import Request.
  path: Assets/Scenes
  artifactKey: Guid(d89bf2383a1772d4da58bdd5ae565479) Importer(815301076,1909f56bfc062723c751e8b465ee728b)
Start importing Assets/Scenes using Guid(d89bf2383a1772d4da58bdd5ae565479) Importer(815301076,1909f56bfc062723c751e8b465ee728b)  -> (artifact id: '7f0f4d06c4be27ad1f53dc5f79953d63') in 0.016503 seconds 
  Import took 0.021629 seconds .

========================================================================
Received Import Request.
  Time since last request: 3.895311 seconds.
  path: Assets/Scenes/Scena_1.unity
  artifactKey: Guid(5b40d8e2369a2c145bb6ca9b02198f8d) Importer(815301076,1909f56bfc062723c751e8b465ee728b)
Start importing Assets/Scenes/Scena_1.unity using Guid(5b40d8e2369a2c145bb6ca9b02198f8d) Importer(815301076,1909f56bfc062723c751e8b465ee728b)  -> (artifact id: 'f62b7253da66009420ab8cf377089dc5') in 0.021131 seconds 
  Import took 0.027249 seconds .

========================================================================
Received Import Request.
  Time since last request: 143.739047 seconds.
  path: Assets/Particles/Firebolt
  artifactKey: Guid(e1fea249b9dbda1428860f64b4c9825c) Importer(815301076,1909f56bfc062723c751e8b465ee728b)
Start importing Assets/Particles/Firebolt using Guid(e1fea249b9dbda1428860f64b4c9825c) Importer(815301076,1909f56bfc062723c751e8b465ee728b)  -> (artifact id: '2b6a21f0fa280721b253f9736b0caed8') in 0.012058 seconds 
  Import took 0.019075 seconds .

========================================================================
Received Import Request.
  Time since last request: 0.046585 seconds.
  path: Assets/Particles/Firebolt/FireBall Lines 2.png
  artifactKey: Guid(d7fe6d0904ab2449790f66180a861352) Importer(815301076,1909f56bfc062723c751e8b465ee728b)
Start importing Assets/Particles/Firebolt/FireBall Lines 2.png using Guid(d7fe6d0904ab2449790f66180a861352) Importer(815301076,1909f56bfc062723c751e8b465ee728b)  -> (artifact id: 'e2cf5af020dbf7749866e99a282de12a') in 0.123266 seconds 
  Import took 0.132965 seconds .

========================================================================
Received Import Request.
  Time since last request: 0.000336 seconds.
  path: Assets/Particles/Firebolt/FireBolt Lines.mat
  artifactKey: Guid(8e8898e786184472c857361f0cc43af1) Importer(815301076,1909f56bfc062723c751e8b465ee728b)
Start importing Assets/Particles/Firebolt/FireBolt Lines.mat using Guid(8e8898e786184472c857361f0cc43af1) Importer(815301076,1909f56bfc062723c751e8b465ee728b)  -> (artifact id: '89dabb129f321bb65d4ae0822a35c80f') in 0.548176 seconds 
  Import took 0.553174 seconds .

========================================================================
Received Import Request.
  Time since last request: 0.000242 seconds.
  path: Assets/Particles/Firebolt/FireBolt Fire.mat
  artifactKey: Guid(ddf7898c9717a450b8e14891fdd4fac1) Importer(815301076,1909f56bfc062723c751e8b465ee728b)
Start importing Assets/Particles/Firebolt/FireBolt Fire.mat using Guid(ddf7898c9717a450b8e14891fdd4fac1) Importer(815301076,1909f56bfc062723c751e8b465ee728b)  -> (artifact id: '7106133f0ab2f9552e9d850c95d93c95') in 0.069836 seconds 
  Import took 0.075288 seconds .

========================================================================
Received Import Request.
  Time since last request: 2.434848 seconds.
  path: Assets/Particles/Fireball/Charge Glow.png
  artifactKey: Guid(fb03f4cb7d733432f91b11b1ec72ae30) Importer(815301076,1909f56bfc062723c751e8b465ee728b)
Start importing Assets/Particles/Fireball/Charge Glow.png using Guid(fb03f4cb7d733432f91b11b1ec72ae30) Importer(815301076,1909f56bfc062723c751e8b465ee728b)  -> (artifact id: 'ebe753ca0d4b71d12a68ba15b2737928') in 0.021888 seconds 
  Import took 0.031078 seconds .

========================================================================
Received Import Request.
  Time since last request: 0.000351 seconds.
  path: Assets/Particles/Fireball/FireBall02-temperature_8x8.exr
  artifactKey: Guid(8a434146590eb4e429ea1eeab741203e) Importer(815301076,1909f56bfc062723c751e8b465ee728b)
Start importing Assets/Particles/Fireball/FireBall02-temperature_8x8.exr using Guid(8a434146590eb4e429ea1eeab741203e) Importer(815301076,1909f56bfc062723c751e8b465ee728b)  -> (artifact id: '34a49f02e2abc2bec7fe53184365ec38') in 0.036865 seconds 
  Import took 0.042122 seconds .

========================================================================
Received Import Request.
  Time since last request: 0.000285 seconds.
  path: Assets/Particles/Fireball/Fireball Smoke.png
  artifactKey: Guid(304a033636279493084b661cb561b5fd) Importer(815301076,1909f56bfc062723c751e8b465ee728b)
Start importing Assets/Particles/Fireball/Fireball Smoke.png using Guid(304a033636279493084b661cb561b5fd) Importer(815301076,1909f56bfc062723c751e8b465ee728b)  -> (artifact id: 'd0cb4cba278d91da0de24e859afd6a7c') in 0.017982 seconds 
  Import took 0.022937 seconds .

========================================================================
Received Import Request.
  Time since last request: 0.001379 seconds.
  path: Assets/Particles/Fireball/Shield Shield Dissolve.png
  artifactKey: Guid(810fdd99b14c2429faddea4a6b1acd54) Importer(815301076,1909f56bfc062723c751e8b465ee728b)
Start importing Assets/Particles/Fireball/Shield Shield Dissolve.png using Guid(810fdd99b14c2429faddea4a6b1acd54) Importer(815301076,1909f56bfc062723c751e8b465ee728b)  -> (artifact id: 'd0ae1b5ca3d06917bb04d6ca3a86f88d') in 0.025412 seconds 
  Import took 0.034690 seconds .

========================================================================
Received Import Request.
  Time since last request: 0.000253 seconds.
  path: Assets/Particles/Fireball/FireBall Glow.mat
  artifactKey: Guid(e089d419503c94f97a489d4375485d08) Importer(815301076,1909f56bfc062723c751e8b465ee728b)
Start importing Assets/Particles/Fireball/FireBall Glow.mat using Guid(e089d419503c94f97a489d4375485d08) Importer(815301076,1909f56bfc062723c751e8b465ee728b)  -> (artifact id: '8abe01bd6e862c6dcc09f1037d19743e') in 0.067859 seconds 
  Import took 0.073840 seconds .

========================================================================
Received Import Request.
  Time since last request: 0.000235 seconds.
  path: Assets/Particles/Fireball/FireBall02_8x8.exr
  artifactKey: Guid(37f53180371c82e4d83f7eb85e639bbb) Importer(815301076,1909f56bfc062723c751e8b465ee728b)
Start importing Assets/Particles/Fireball/FireBall02_8x8.exr using Guid(37f53180371c82e4d83f7eb85e639bbb) Importer(815301076,1909f56bfc062723c751e8b465ee728b)  -> (artifact id: 'd5a5ab145009fed6bd32024f05cc9ee9') in 0.024299 seconds 
  Import took 0.029096 seconds .

========================================================================
Received Import Request.
  Time since last request: 0.000246 seconds.
  path: Assets/Particles/Fireball/FireBall Sparks.mat
  artifactKey: Guid(8ad7425d4c1e64f358bcb7bf919f721e) Importer(815301076,1909f56bfc062723c751e8b465ee728b)
Start importing Assets/Particles/Fireball/FireBall Sparks.mat using Guid(8ad7425d4c1e64f358bcb7bf919f721e) Importer(815301076,1909f56bfc062723c751e8b465ee728b)  -> (artifact id: '2b664011041f1de257fa7e970060c37e') in 0.033049 seconds 
  Import took 0.038271 seconds .

========================================================================
Received Import Request.
  Time since last request: 0.000230 seconds.
  path: Assets/Particles/Fireball/FireBall Fire 2.png
  artifactKey: Guid(aeb95f677af3c474894bd9ea33b8eff3) Importer(815301076,1909f56bfc062723c751e8b465ee728b)
Start importing Assets/Particles/Fireball/FireBall Fire 2.png using Guid(aeb95f677af3c474894bd9ea33b8eff3) Importer(815301076,1909f56bfc062723c751e8b465ee728b)  -> (artifact id: 'bd94db54b83ebf5d0eb565b9080755e0') in 0.016404 seconds 
  Import took 0.023808 seconds .

========================================================================
Received Import Request.
  Time since last request: 0.000322 seconds.
  path: Assets/Particles/Fireball/FireBall Fire 2 Emission.png
  artifactKey: Guid(80103deb8da0745c88eca2aecc671819) Importer(815301076,1909f56bfc062723c751e8b465ee728b)
Start importing Assets/Particles/Fireball/FireBall Fire 2 Emission.png using Guid(80103deb8da0745c88eca2aecc671819) Importer(815301076,1909f56bfc062723c751e8b465ee728b)  -> (artifact id: '783f0c676f963c11eedc7bc8b1f47b24') in 0.024281 seconds 
  Import took 0.030172 seconds .

========================================================================
Received Import Request.
  Time since last request: 0.000465 seconds.
  path: Assets/Particles/Fireball/FireBall Smoke.mat
  artifactKey: Guid(1b8c6c8446ad34f85be5aa8576ffe82f) Importer(815301076,1909f56bfc062723c751e8b465ee728b)
Start importing Assets/Particles/Fireball/FireBall Smoke.mat using Guid(1b8c6c8446ad34f85be5aa8576ffe82f) Importer(815301076,1909f56bfc062723c751e8b465ee728b)  -> (artifact id: 'b3413df31fdba494949a1c5132c92d5d') in 0.030750 seconds 
  Import took 0.036580 seconds .

========================================================================
Received Import Request.
  Time since last request: 0.000241 seconds.
  path: Assets/Particles/Fireball/Charge Sphere.FBX
  artifactKey: Guid(f363e12d77b0c40cdb3bdbcd98d3a1ef) Importer(815301076,1909f56bfc062723c751e8b465ee728b)
Start importing Assets/Particles/Fireball/Charge Sphere.FBX using Guid(f363e12d77b0c40cdb3bdbcd98d3a1ef) Importer(815301076,1909f56bfc062723c751e8b465ee728b)  -> (artifact id: 'afa10d493bba66f894959f42e15e3007') in 0.470001 seconds 
  Import took 0.475459 seconds .

========================================================================
Received Import Request.
  Time since last request: 0.000410 seconds.
  path: Assets/Particles/Fireball/FireBall Sparks.png
  artifactKey: Guid(a1dbedf34c5374c5284ae4c302e6aaec) Importer(815301076,1909f56bfc062723c751e8b465ee728b)
Start importing Assets/Particles/Fireball/FireBall Sparks.png using Guid(a1dbedf34c5374c5284ae4c302e6aaec) Importer(815301076,1909f56bfc062723c751e8b465ee728b)  -> (artifact id: 'a81fce331c1d69acf0d7da1144551133') in 0.015876 seconds 
  Import took 0.026658 seconds .

========================================================================
Received Import Request.
  Time since last request: 0.000279 seconds.
  path: Assets/Particles/Fireball/FireBall Fire.mat
  artifactKey: Guid(484e7cd85f1d94415a53c83c0d98b7c0) Importer(815301076,1909f56bfc062723c751e8b465ee728b)
Start importing Assets/Particles/Fireball/FireBall Fire.mat using Guid(484e7cd85f1d94415a53c83c0d98b7c0) Importer(815301076,1909f56bfc062723c751e8b465ee728b)  -> (artifact id: '7e68574015a2452bfe81a92f946285c0') in 0.028018 seconds 
  Import took 0.033588 seconds .

========================================================================
Received Import Request.
  Time since last request: 0.000298 seconds.
  path: Assets/Particles/Fireball/FireBall02_8x8.tga
  artifactKey: Guid(09a81297444a1df47bd2221ee8ffc6e6) Importer(815301076,1909f56bfc062723c751e8b465ee728b)
Start importing Assets/Particles/Fireball/FireBall02_8x8.tga using Guid(09a81297444a1df47bd2221ee8ffc6e6) Importer(815301076,1909f56bfc062723c751e8b465ee728b)  -> (artifact id: '0f59f13f4d5e28e301d0b07f61c1ccd2') in 0.019477 seconds 
  Import took 0.028471 seconds .

========================================================================
Received Import Request.
  Time since last request: 0.000308 seconds.
  path: Assets/Particles/Fireball/FireBall Sphere.mat
  artifactKey: Guid(2b79b5a73bba94521a645d1a6033dba5) Importer(815301076,1909f56bfc062723c751e8b465ee728b)
Start importing Assets/Particles/Fireball/FireBall Sphere.mat using Guid(2b79b5a73bba94521a645d1a6033dba5) Importer(815301076,1909f56bfc062723c751e8b465ee728b)  -> (artifact id: '7c34f888e1875874eec7d7e952cac92f') in 0.024224 seconds 
  Import took 0.036846 seconds .

========================================================================
Received Import Request.
  Time since last request: 105.469509 seconds.
  path: Assets/Particles/Fireball/Fireball2.mat
  artifactKey: Guid(05e98a13db365dc459ae51cb32f62532) Importer(815301076,1909f56bfc062723c751e8b465ee728b)
Start importing Assets/Particles/Fireball/Fireball2.mat using Guid(05e98a13db365dc459ae51cb32f62532) Importer(815301076,1909f56bfc062723c751e8b465ee728b)  -> (artifact id: '8f1001cc9783464682036a66ab868d1d') in 0.036461 seconds 
  Import took 0.042195 seconds .

========================================================================
Received Prepare
Registering precompiled user dll's ...
Registered in 0.003220 seconds.
Begin MonoManager ReloadAssembly
Native extension for WindowsStandalone target not found
Refreshing native plugins compatible for Editor in 0.60 ms, found 1 plugins.
Preloading 0 native plugins for Editor in 0.00 ms.
Mono: successfully reloaded assembly
- Completed reload, in  1.155 seconds
Domain Reload Profiling:
	ReloadAssembly (1156ms)
		BeginReloadAssembly (136ms)
			ExecutionOrderSort (0ms)
			DisableScriptedObjects (6ms)
			BackupInstance (0ms)
			ReleaseScriptingObjects (0ms)
			CreateAndSetChildDomain (38ms)
		EndReloadAssembly (938ms)
			LoadAssemblies (110ms)
			RebuildTransferFunctionScriptingTraits (0ms)
			SetupTypeCache (337ms)
			ReleaseScriptCaches (1ms)
			RebuildScriptCaches (55ms)
			SetupLoadedEditorAssemblies (301ms)
				LogAssemblyErrors (0ms)
				InitializePlatformSupportModulesInManaged (7ms)
				SetLoadedEditorAssemblies (1ms)
				RefreshPlugins (1ms)
				BeforeProcessingInitializeOnLoad (76ms)
				ProcessInitializeOnLoadAttributes (201ms)
				ProcessInitializeOnLoadMethodAttributes (6ms)
				AfterProcessingInitializeOnLoad (8ms)
				EditorAssembliesLoaded (0ms)
			ExecutionOrderSort2 (0ms)
			AwakeInstancesAfterBackupRestoration (10ms)
Platform modules already initialized, skipping
Refreshing native plugins compatible for Editor in 0.67 ms, found 1 plugins.
Preloading 0 native plugins for Editor in 0.00 ms.
Unloading 2639 Unused Serialized files (Serialized files now loaded: 0)
System memory in use before: 99.4 MB.
System memory in use after: 99.6 MB.

Unloading 10 unused Assets to reduce memory usage. Loaded Objects now: 3133.
Total: 5.340900 ms (FindLiveObjects: 0.320800 ms CreateObjectMapping: 0.149100 ms MarkObjects: 4.826800 ms  DeleteObjects: 0.041400 ms)

AssetImportParameters requested are different than current active one (requested -> active):
  custom:framework-win-MediaFoundation: 216162199b28c13a410421893ffa2e32 -> 
  custom:video-decoder-ogg-theora: a1e56fd34408186e4bbccfd4996cb3dc -> 
  custom:container-muxer-webm: aa71ff27fc2769a1b78a27578f13a17b -> 
  custom:container-demuxer-webm: 4f35f7cbe854078d1ac9338744f61a02 -> 
  custom:container-demuxer-ogg: 62fdf1f143b41e24485cea50d1cbac27 -> 
  custom:video-encoder-webm-vp8: eb34c28f22e8b96e1ab97ce403110664 -> 
  custom:video-decoder-webm-vp8: 9c59270c3fd7afecdb556c50c9e8de78 -> 
  custom:audio-decoder-ogg-vorbis: bf7c407c2cedff20999df2af8eb42d56 -> 
  custom:audio-encoder-webm-vorbis: bf7c407c2cedff20999df2af8eb42d56 -> 
========================================================================
Received Prepare
Registering precompiled user dll's ...
Registered in 0.003436 seconds.
Begin MonoManager ReloadAssembly
Native extension for WindowsStandalone target not found
Refreshing native plugins compatible for Editor in 0.64 ms, found 1 plugins.
Preloading 0 native plugins for Editor in 0.00 ms.
Mono: successfully reloaded assembly
- Completed reload, in  1.173 seconds
Domain Reload Profiling:
	ReloadAssembly (1173ms)
		BeginReloadAssembly (125ms)
			ExecutionOrderSort (0ms)
			DisableScriptedObjects (6ms)
			BackupInstance (0ms)
			ReleaseScriptingObjects (0ms)
			CreateAndSetChildDomain (33ms)
		EndReloadAssembly (967ms)
			LoadAssemblies (113ms)
			RebuildTransferFunctionScriptingTraits (0ms)
			SetupTypeCache (350ms)
			ReleaseScriptCaches (1ms)
			RebuildScriptCaches (56ms)
			SetupLoadedEditorAssemblies (305ms)
				LogAssemblyErrors (0ms)
				InitializePlatformSupportModulesInManaged (6ms)
				SetLoadedEditorAssemblies (1ms)
				RefreshPlugins (1ms)
				BeforeProcessingInitializeOnLoad (78ms)
				ProcessInitializeOnLoadAttributes (204ms)
				ProcessInitializeOnLoadMethodAttributes (7ms)
				AfterProcessingInitializeOnLoad (8ms)
				EditorAssembliesLoaded (0ms)
			ExecutionOrderSort2 (0ms)
			AwakeInstancesAfterBackupRestoration (9ms)
Platform modules already initialized, skipping
Refreshing native plugins compatible for Editor in 0.66 ms, found 1 plugins.
Preloading 0 native plugins for Editor in 0.00 ms.
Unloading 2639 Unused Serialized files (Serialized files now loaded: 0)
System memory in use before: 99.4 MB.
System memory in use after: 99.6 MB.

Unloading 9 unused Assets to reduce memory usage. Loaded Objects now: 3135.
Total: 3.214100 ms (FindLiveObjects: 0.299300 ms CreateObjectMapping: 0.148100 ms MarkObjects: 2.740200 ms  DeleteObjects: 0.024400 ms)

AssetImportParameters requested are different than current active one (requested -> active):
  custom:framework-win-MediaFoundation: 216162199b28c13a410421893ffa2e32 -> 
  custom:video-decoder-ogg-theora: a1e56fd34408186e4bbccfd4996cb3dc -> 
  custom:container-muxer-webm: aa71ff27fc2769a1b78a27578f13a17b -> 
  custom:container-demuxer-webm: 4f35f7cbe854078d1ac9338744f61a02 -> 
  custom:container-demuxer-ogg: 62fdf1f143b41e24485cea50d1cbac27 -> 
  custom:video-encoder-webm-vp8: eb34c28f22e8b96e1ab97ce403110664 -> 
  custom:video-decoder-webm-vp8: 9c59270c3fd7afecdb556c50c9e8de78 -> 
  custom:audio-decoder-ogg-vorbis: bf7c407c2cedff20999df2af8eb42d56 -> 
  custom:audio-encoder-webm-vorbis: bf7c407c2cedff20999df2af8eb42d56 -> 
========================================================================
Received Prepare
Registering precompiled user dll's ...
Registered in 0.003299 seconds.
Begin MonoManager ReloadAssembly
Native extension for WindowsStandalone target not found
Refreshing native plugins compatible for Editor in 0.60 ms, found 1 plugins.
Preloading 0 native plugins for Editor in 0.00 ms.
Mono: successfully reloaded assembly
- Completed reload, in  1.280 seconds
Domain Reload Profiling:
	ReloadAssembly (1280ms)
		BeginReloadAssembly (144ms)
			ExecutionOrderSort (0ms)
			DisableScriptedObjects (7ms)
			BackupInstance (0ms)
			ReleaseScriptingObjects (0ms)
			CreateAndSetChildDomain (36ms)
		EndReloadAssembly (1051ms)
			LoadAssemblies (127ms)
			RebuildTransferFunctionScriptingTraits (0ms)
			SetupTypeCache (386ms)
			ReleaseScriptCaches (1ms)
			RebuildScriptCaches (57ms)
			SetupLoadedEditorAssemblies (334ms)
				LogAssemblyErrors (0ms)
				InitializePlatformSupportModulesInManaged (7ms)
				SetLoadedEditorAssemblies (1ms)
				RefreshPlugins (1ms)
				BeforeProcessingInitializeOnLoad (92ms)
				ProcessInitializeOnLoadAttributes (217ms)
				ProcessInitializeOnLoadMethodAttributes (8ms)
				AfterProcessingInitializeOnLoad (7ms)
				EditorAssembliesLoaded (0ms)
			ExecutionOrderSort2 (0ms)
			AwakeInstancesAfterBackupRestoration (10ms)
Platform modules already initialized, skipping
Refreshing native plugins compatible for Editor in 0.62 ms, found 1 plugins.
Preloading 0 native plugins for Editor in 0.00 ms.
Unloading 2639 Unused Serialized files (Serialized files now loaded: 0)
System memory in use before: 99.4 MB.
System memory in use after: 99.6 MB.

Unloading 9 unused Assets to reduce memory usage. Loaded Objects now: 3137.
Total: 3.222200 ms (FindLiveObjects: 0.303900 ms CreateObjectMapping: 0.143600 ms MarkObjects: 2.747900 ms  DeleteObjects: 0.024600 ms)

AssetImportParameters requested are different than current active one (requested -> active):
  custom:framework-win-MediaFoundation: 216162199b28c13a410421893ffa2e32 -> 
  custom:video-decoder-ogg-theora: a1e56fd34408186e4bbccfd4996cb3dc -> 
  custom:container-muxer-webm: aa71ff27fc2769a1b78a27578f13a17b -> 
  custom:container-demuxer-webm: 4f35f7cbe854078d1ac9338744f61a02 -> 
  custom:container-demuxer-ogg: 62fdf1f143b41e24485cea50d1cbac27 -> 
  custom:video-encoder-webm-vp8: eb34c28f22e8b96e1ab97ce403110664 -> 
  custom:video-decoder-webm-vp8: 9c59270c3fd7afecdb556c50c9e8de78 -> 
  custom:audio-decoder-ogg-vorbis: bf7c407c2cedff20999df2af8eb42d56 -> 
  custom:audio-encoder-webm-vorbis: bf7c407c2cedff20999df2af8eb42d56 -> 
========================================================================
Received Prepare
Registering precompiled user dll's ...
Registered in 0.003285 seconds.
Begin MonoManager ReloadAssembly
Native extension for WindowsStandalone target not found
Refreshing native plugins compatible for Editor in 0.61 ms, found 1 plugins.
Preloading 0 native plugins for Editor in 0.00 ms.
Mono: successfully reloaded assembly
- Completed reload, in  1.237 seconds
Domain Reload Profiling:
	ReloadAssembly (1237ms)
		BeginReloadAssembly (139ms)
			ExecutionOrderSort (0ms)
			DisableScriptedObjects (7ms)
			BackupInstance (0ms)
			ReleaseScriptingObjects (0ms)
			CreateAndSetChildDomain (34ms)
		EndReloadAssembly (1013ms)
			LoadAssemblies (116ms)
			RebuildTransferFunctionScriptingTraits (0ms)
			SetupTypeCache (364ms)
			ReleaseScriptCaches (1ms)
			RebuildScriptCaches (58ms)
			SetupLoadedEditorAssemblies (326ms)
				LogAssemblyErrors (0ms)
				InitializePlatformSupportModulesInManaged (8ms)
				SetLoadedEditorAssemblies (1ms)
				RefreshPlugins (1ms)
				BeforeProcessingInitializeOnLoad (83ms)
				ProcessInitializeOnLoadAttributes (218ms)
				ProcessInitializeOnLoadMethodAttributes (8ms)
				AfterProcessingInitializeOnLoad (7ms)
				EditorAssembliesLoaded (0ms)
			ExecutionOrderSort2 (0ms)
			AwakeInstancesAfterBackupRestoration (10ms)
Platform modules already initialized, skipping
Refreshing native plugins compatible for Editor in 0.74 ms, found 1 plugins.
Preloading 0 native plugins for Editor in 0.00 ms.
Unloading 2640 Unused Serialized files (Serialized files now loaded: 0)
System memory in use before: 99.5 MB.
System memory in use after: 99.7 MB.

Unloading 9 unused Assets to reduce memory usage. Loaded Objects now: 3140.
Total: 3.649000 ms (FindLiveObjects: 0.403400 ms CreateObjectMapping: 0.272500 ms MarkObjects: 2.946400 ms  DeleteObjects: 0.024500 ms)

AssetImportParameters requested are different than current active one (requested -> active):
  custom:framework-win-MediaFoundation: 216162199b28c13a410421893ffa2e32 -> 
  custom:video-decoder-ogg-theora: a1e56fd34408186e4bbccfd4996cb3dc -> 
  custom:container-muxer-webm: aa71ff27fc2769a1b78a27578f13a17b -> 
  custom:container-demuxer-webm: 4f35f7cbe854078d1ac9338744f61a02 -> 
  custom:container-demuxer-ogg: 62fdf1f143b41e24485cea50d1cbac27 -> 
  custom:video-encoder-webm-vp8: eb34c28f22e8b96e1ab97ce403110664 -> 
  custom:video-decoder-webm-vp8: 9c59270c3fd7afecdb556c50c9e8de78 -> 
  custom:audio-decoder-ogg-vorbis: bf7c407c2cedff20999df2af8eb42d56 -> 
  custom:audio-encoder-webm-vorbis: bf7c407c2cedff20999df2af8eb42d56 -> 
